/home/ubuntu/micromamba/envs/minLM/lib/python3.12/site-packages/huggingface_hub/file_download.py:1150: FutureWarning: `resume_download` is deprecated and will be removed in version 1.0.0. Downloads always resume when possible. If you want to force a new download, use `force_download=True`.
  warnings.warn(
Number of rows in train dataset: 1165029
Number of rows in test dataset: 2891
num decayed parameter tensors: 50, with 222,793,200 parameters
num non-decayed parameter tensors: 25, with 27,000 parameters
using fused AdamW: True
Iter 0 | Perplexity: 57534.78515625
Epoch 0.0
Iter 0 | LR: 0.0003 | MFU: 0.04776321498834135 | time 116.35s | Loss: inf
Iter 500 | LR: 0.00029999829789716684 | MFU: 0.04559282587934464 | time 213.25s | Loss: 2.7546225434541713
Iter 1000 | LR: 0.00029999319163502184 | MFU: 0.04367448992682978 | time 210.42s | Loss: 1.4899507293105119
Iter 1500 | LR: 0.0002999846813526272 | MFU: 0.04194841188409925 | time 210.38s | Loss: 1.4601376521587373
Iter 2000 | LR: 0.00029997276728174885 | MFU: 0.040394628723819846 | time 210.41s | Loss: 1.4474813896417633
Iter 2500 | LR: 0.00029995744974685044 | MFU: 0.03899634613688156 | time 210.40s | Loss: 1.441937462836505
Iter 3000 | LR: 0.00029993872916508424 | MFU: 0.037737692002761086 | time 210.42s | Loss: 1.4452453878521918
Iter 3500 | LR: 0.0002999166060462799 | MFU: 0.0366051921955644 | time 210.39s | Loss: 1.4449454626441
Iter 4000 | LR: 0.00029989108099293067 | MFU: 0.03558560471848181 | time 210.42s | Loss: 1.4189796203374867
Iter 4500 | LR: 0.00029986215470017674 | MFU: 0.03466837599049913 | time 210.39s | Loss: 1.371525204926729
Iter 5000 | Perplexity: 704.1739501953125
Iter 5000 | LR: 0.0002998298279557865 | MFU: 0.03347762641921905 | time 244.15s | Loss: 1.3201309147477152
Iter 5500 | LR: 0.0002997941016401351 | MFU: 0.03277098233860635 | time 210.40s | Loss: 1.3008153654634949
Iter 6000 | LR: 0.00029975497672618035 | MFU: 0.032134868815641 | time 210.42s | Loss: 1.2773148080706591
Iter 6500 | LR: 0.0002997124542794362 | MFU: 0.03156262196215602 | time 210.40s | Loss: 1.2498485473543415
Iter 7000 | LR: 0.0002996665354579439 | MFU: 0.031047284299893854 | time 210.42s | Loss: 1.2491118607670064
Iter 7500 | LR: 0.0002996172215122404 | MFU: 0.03058357649376623 | time 210.41s | Loss: 1.2114524307101966
Iter 8000 | LR: 0.0002995645137853243 | MFU: 0.030166122513055175 | time 210.42s | Loss: 1.2198497588187456
Iter 8500 | LR: 0.00029950841371261894 | MFU: 0.029790713556811788 | time 210.40s | Loss: 1.1823726636171334
Iter 9000 | LR: 0.0002994489228219339 | MFU: 0.029452397392557138 | time 210.43s | Loss: 1.1894136998057354
Iter 9500 | LR: 0.000299386042733423 | MFU: 0.02914822950143861 | time 210.41s | Loss: 1.1619389586895703
Iter 10000 | Perplexity: 317.2704772949219
Iter 10000 | LR: 0.0002993197751595402 | MFU: 0.028509353235153675 | time 244.16s | Loss: 1.1662004213035102
Iter 10500 | LR: 0.0002992501219049932 | MFU: 0.028298748029214147 | time 210.47s | Loss: 1.1356912039220342
Iter 11000 | LR: 0.000299177084866694 | MFU: 0.02810807555566575 | time 210.56s | Loss: 1.125205841585994
Iter 11500 | LR: 0.0002991006660337074 | MFU: 0.02793766507531481 | time 210.46s | Loss: 1.116061890050768
Iter 12000 | LR: 0.00029902086748719676 | MFU: 0.027784595842563042 | time 210.44s | Loss: 1.1183272870630028
Iter 12500 | LR: 0.00029893769140036745 | MFU: 0.027646964906822613 | time 210.43s | Loss: 1.1105297335982316
Iter 13000 | LR: 0.00029885114003840745 | MFU: 0.027522928847345748 | time 210.44s | Loss: 1.0947660632431502
Iter 13500 | LR: 0.00029876121575842586 | MFU: 0.027411482348435646 | time 210.43s | Loss: 1.106116864904762
Iter 14000 | LR: 0.0002986679210093888 | MFU: 0.02731116884207624 | time 210.43s | Loss: 1.0913245816528798
Iter 14500 | LR: 0.0002985712583320521 | MFU: 0.027221266153308766 | time 210.40s | Loss: 1.0816047324985272
Iter 15000 | Perplexity: 200.09014892578125
Iter 15000 | LR: 0.000298471230358893 | MFU: 0.026775130837196667 | time 244.16s | Loss: 1.071446861028671
Iter 15500 | LR: 0.00029836783981403777 | MFU: 0.0267386821708737 | time 210.41s | Loss: 1.0352818707376716
Iter 16000 | LR: 0.00029826108951318795 | MFU: 0.026705623686359464 | time 210.43s | Loss: 1.0539677973091612
Iter 16500 | LR: 0.0002981509823635433 | MFU: 0.026675768148365524 | time 210.44s | Loss: 1.0546676493436091
Iter 17000 | LR: 0.00029803752136372283 | MFU: 0.02664840293609283 | time 210.48s | Loss: 1.0334925388544796
Iter 17500 | LR: 0.00029792070960368323 | MFU: 0.026624480081663505 | time 210.42s | Loss: 1.022166163176298
Iter 18000 | LR: 0.00029780055026463456 | MFU: 0.02660266787109083 | time 210.44s | Loss: 1.0016804830729968
Iter 18500 | LR: 0.0002976770466189536 | MFU: 0.026583283100733886 | time 210.42s | Loss: 1.0251378757506604
Iter 19000 | LR: 0.00029755020203009485 | MFU: 0.026565991134420694 | time 210.41s | Loss: 0.9996393729746341
Iter 19500 | LR: 0.00029742001995249886 | MFU: 0.026550624752056728 | time 210.40s | Loss: 1.017029803916811
Iter 20000 | Perplexity: 138.09255981445312
Iter 20000 | LR: 0.00029728650393149816 | MFU: 0.026171444270989476 | time 244.17s | Loss: 0.9940030038356783
Iter 20500 | LR: 0.0002971496576032207 | MFU: 0.02619554958141334 | time 210.39s | Loss: 0.9770379210263495
Iter 21000 | LR: 0.0002970094846944909 | MFU: 0.02621611881340182 | time 210.48s | Loss: 0.988637580722571
Iter 21500 | LR: 0.0002968659890227279 | MFU: 0.02623566343314037 | time 210.40s | Loss: 0.9722789555788037
Iter 22000 | LR: 0.0002967191744958421 | MFU: 0.02625291650175105 | time 210.43s | Loss: 0.9706954343244432
Iter 22500 | LR: 0.00029656904511212817 | MFU: 0.026268894100986463 | time 210.39s | Loss: 0.9504335981607436
Iter 23000 | LR: 0.00029641560496015653 | MFU: 0.026282838348194427 | time 210.43s | Loss: 0.9642411759495735
Iter 23500 | LR: 0.0002962588582186618 | MFU: 0.026295850350778083 | time 210.39s | Loss: 0.969856060221791
Iter 24000 | LR: 0.0002960988091564292 | MFU: 0.026307209129317177 | time 210.42s | Loss: 0.9500887908786531
Iter 24500 | LR: 0.0002959354621321781 | MFU: 0.02631793336116093 | time 210.38s | Loss: 0.9336092846840619
Iter 25000 | Perplexity: 101.7837905883789
Iter 25000 | LR: 0.0002957688215944435 | MFU: 0.02596209862320053 | time 244.16s | Loss: 0.9284797230362885
Iter 25500 | LR: 0.0002955988920814546 | MFU: 0.02600724431621368 | time 210.39s | Loss: 0.9266650740802295
Iter 26000 | LR: 0.0002954256782210115 | MFU: 0.026047448099105426 | time 210.42s | Loss: 0.9322828150540592
Iter 26500 | LR: 0.0002952491847303591 | MFU: 0.026083809442577457 | time 210.41s | Loss: 0.9184469667822124
Iter 27000 | LR: 0.0002950694164160585 | MFU: 0.02611634831039942 | time 210.42s | Loss: 0.915364292114973
Iter 27500 | LR: 0.0002948863781738561 | MFU: 0.026146121843504615 | time 210.38s | Loss: 0.9203789266198878
Iter 28000 | LR: 0.0002947000749885507 | MFU: 0.026172378187027497 | time 210.42s | Loss: 0.9113907040655617
Iter 28500 | LR: 0.000294510511933857 | MFU: 0.02619631034625984 | time 210.40s | Loss: 0.9025023820996283
Iter 29000 | LR: 0.0002943176941722681 | MFU: 0.02621676996364954 | time 210.49s | Loss: 0.8884419269114736
Iter 29500 | LR: 0.00029412162695491447 | MFU: 0.026236421086337034 | time 210.39s | Loss: 0.8926898713409899
Iter 30000 | Perplexity: 81.43192291259766
Iter 30000 | LR: 0.00029392231562142115 | MFU: 0.025888715243044223 | time 244.17s | Loss: 0.8746513343602419
Iter 30500 | LR: 0.00029371976559976236 | MFU: 0.02594071492762156 | time 210.42s | Loss: 0.8779795002937314
Iter 31000 | LR: 0.0002935139824061135 | MFU: 0.025987377042628598 | time 210.44s | Loss: 0.8811145678162574
Iter 31500 | LR: 0.00029330497164470115 | MFU: 0.02602987756763159 | time 210.40s | Loss: 0.8830629198998212
Iter 32000 | LR: 0.00029309273900765016 | MFU: 0.026067671271763418 | time 210.43s | Loss: 0.8660618376731872
Iter 32500 | LR: 0.000292877290274829 | MFU: 0.02610206047507357 | time 210.40s | Loss: 0.8718650139868261
Iter 33000 | LR: 0.00029265863131369197 | MFU: 0.026132672873048622 | time 210.43s | Loss: 0.8763009031862016
Iter 33500 | LR: 0.00029243676807911976 | MFU: 0.026160771626640055 | time 210.39s | Loss: 0.8644222047179931
Iter 34000 | LR: 0.0002922117066132569 | MFU: 0.02618507749892275 | time 210.46s | Loss: 0.8628537366539251
Iter 34500 | LR: 0.00029198345304534755 | MFU: 0.026207647061766287 | time 210.41s | Loss: 0.8642048113793133
Iter 35000 | Perplexity: 66.55587768554688
Iter 35000 | LR: 0.00029175201359156846 | MFU: 0.02586278259021691 | time 244.17s | Loss: 0.8471803115308287
Iter 35500 | LR: 0.00029151739455485963 | MFU: 0.02591724498188784 | time 210.44s | Loss: 0.8445766287297011
Iter 36000 | LR: 0.00029127960232475266 | MFU: 0.025964789396734442 | time 210.55s | Loss: 0.8500142227113248
Iter 36500 | LR: 0.00029103864337719687 | MFU: 0.026009430900817882 | time 210.40s | Loss: 0.8480712397024037
Iter 37000 | LR: 0.00029079452427438273 | MFU: 0.026048657122412285 | time 210.48s | Loss: 0.8403321063518522
Iter 37500 | LR: 0.00029054725166456326 | MFU: 0.02608468879806951 | time 210.42s | Loss: 0.8420176922529939
Iter 38000 | LR: 0.00029029683228187314 | MFU: 0.026117072859890105 | time 210.43s | Loss: 0.8237651823461065
Iter 38500 | LR: 0.0002900432729461449 | MFU: 0.026146562715467205 | time 210.40s | Loss: 0.8232328232377761
Iter 39000 | LR: 0.0002897865805627236 | MFU: 0.026172427800272326 | time 210.45s | Loss: 0.821493210420013
Iter 39500 | LR: 0.0002895267621222786 | MFU: 0.026196419738689452 | time 210.40s | Loss: 0.8145444118231537
Iter 40000 | Perplexity: 56.771305084228516
Iter 40000 | LR: 0.00028926382470061314 | MFU: 0.025852238424614475 | time 244.22s | Loss: 0.8157720021530978
Iter 40500 | LR: 0.00028899777545847167 | MFU: 0.02590810636152033 | time 210.41s | Loss: 0.8169635292142626
Iter 41000 | LR: 0.00028872862164134493 | MFU: 0.025958158298789297 | time 210.43s | Loss: 0.8052326697856185
Iter 41500 | LR: 0.0002884563705792725 | MFU: 0.026003149894606774 | time 210.43s | Loss: 0.8021900640428061
Iter 42000 | LR: 0.0002881810296866433 | MFU: 0.02604280452200978 | time 210.50s | Loss: 0.8016751611977819
Iter 42500 | LR: 0.00028790260646199345 | MFU: 0.026079083154327203 | time 210.45s | Loss: 0.7865453454479576
Iter 43000 | LR: 0.00028762110848780235 | MFU: 0.02611194281792181 | time 210.43s | Loss: 0.7952763716876508
Iter 43500 | LR: 0.00028733654343028603 | MFU: 0.026141856188871958 | time 210.41s | Loss: 0.7940374375879763
Iter 44000 | LR: 0.0002870489190391882 | MFU: 0.02616842210227737 | time 210.43s | Loss: 0.7901560628414152
Iter 44500 | LR: 0.0002867582431475697 | MFU: 0.026192787239575677 | time 210.40s | Loss: 0.7980215631425381
Iter 45000 | Perplexity: 49.42170333862305
Iter 45000 | LR: 0.00028646452367159453 | MFU: 0.025849436382653936 | time 244.17s | Loss: 0.7928635283559566
Iter 45500 | LR: 0.0002861677686103148 | MFU: 0.02590555369930788 | time 210.41s | Loss: 0.791404864713551
Iter 46000 | LR: 0.0002858679860454526 | MFU: 0.0259557837157774 | time 210.43s | Loss: 0.7828043779730798
Iter 46500 | LR: 0.00028556518414117995 | MFU: 0.026000971650719046 | time 210.43s | Loss: 0.7809995608776806
Iter 47000 | LR: 0.0002852593711438965 | MFU: 0.026040861753526837 | time 210.50s | Loss: 0.7720024380832904
Iter 47500 | LR: 0.00028495055538200494 | MFU: 0.026077324982257746 | time 210.45s | Loss: 0.780319956988096
Iter 48000 | LR: 0.00028463874526568427 | MFU: 0.026110342589175342 | time 210.43s | Loss: 0.7773963762074709
Iter 48500 | LR: 0.00028432394928666057 | MFU: 0.026140540540550667 | time 210.40s | Loss: 0.7628770034760227
Epoch 1.0
Iter 49000 | LR: 0.0002840061760179759 | MFU: 0.026164475430239847 | time 210.65s | Loss: 0.7526632124930617
Iter 49500 | LR: 0.00028368543411375476 | MFU: 0.02618929660086123 | time 210.39s | Loss: 0.7512416460365057
Iter 50000 | Perplexity: 44.83985137939453
Iter 50000 | LR: 0.00028336173230896833 | MFU: 0.025846026534692777 | time 244.19s | Loss: 0.7454494420066472
Iter 50500 | LR: 0.0002830350794191969 | MFU: 0.0258921070214226 | time 211.24s | Loss: 0.7434166707098482
Iter 51000 | LR: 0.0002827054843403893 | MFU: 0.025943582347909964 | time 210.44s | Loss: 0.7604715541005138
Iter 51500 | LR: 0.00028237295604862105 | MFU: 0.02599036371070909 | time 210.40s | Loss: 0.7459737802669401
Iter 52000 | LR: 0.0002820375035998497 | MFU: 0.026032021437123964 | time 210.44s | Loss: 0.7648619233071815
Iter 52500 | LR: 0.00028169913612966825 | MFU: 0.0260699142240955 | time 210.41s | Loss: 0.7546855344623332
Iter 53000 | LR: 0.00028135786285305646 | MFU: 0.026103464149763413 | time 210.45s | Loss: 0.7440564354509116
Iter 53500 | LR: 0.00028101369306412957 | MFU: 0.026134186563339212 | time 210.41s | Loss: 0.7465433485433463
Iter 54000 | LR: 0.0002806666361358856 | MFU: 0.02616146140613149 | time 210.44s | Loss: 0.7420740706473589
Iter 54500 | LR: 0.00028031670151994995 | MFU: 0.0261862696512012 | time 210.42s | Loss: 0.748362892493606
Iter 55000 | Perplexity: 41.06870651245117
Iter 55000 | LR: 0.0002799638987463177 | MFU: 0.025843117607617115 | time 244.21s | Loss: 0.7470872184634211
Iter 55500 | LR: 0.0002796082374230945 | MFU: 0.025899889761431108 | time 210.41s | Loss: 0.735821024626494
Iter 56000 | LR: 0.0002792497272362347 | MFU: 0.025950782278400968 | time 210.42s | Loss: 0.7362377797067168
Iter 56500 | LR: 0.0002788883779492776 | MFU: 0.025996898387746527 | time 210.40s | Loss: 0.744835507795215
Iter 57000 | LR: 0.00027852419940308144 | MFU: 0.026038058226158494 | time 210.43s | Loss: 0.7340220217406745
Iter 57500 | LR: 0.00027815720151555567 | MFU: 0.02607521489563061 | time 210.42s | Loss: 0.7321383581683036
Iter 58000 | LR: 0.0002777873942813905 | MFU: 0.026107635600484333 | time 210.50s | Loss: 0.7304998090118169
Iter 58500 | LR: 0.00027741478777178506 | MFU: 0.026138058129126153 | time 210.40s | Loss: 0.7297827401757242
Iter 59000 | LR: 0.0002770393921341729 | MFU: 0.026164868413830315 | time 210.45s | Loss: 0.7350045568495988
Iter 59500 | LR: 0.00027666121759194564 | MFU: 0.026188798583665608 | time 210.46s | Loss: 0.7193989961594344
Iter 60000 | Perplexity: 38.0818977355957
Iter 60000 | LR: 0.0002762802744441746 | MFU: 0.025845883450665443 | time 244.16s | Loss: 0.7275802877545362
Iter 60500 | LR: 0.0002758965730653304 | MFU: 0.025901939031575463 | time 210.44s | Loss: 0.7285152126103639
Iter 61000 | LR: 0.0002755101239050003 | MFU: 0.025952561925265072 | time 210.43s | Loss: 0.730584562383592
Iter 61500 | LR: 0.0002751209374876037 | MFU: 0.025998139671304002 | time 210.43s | Loss: 0.7297168279439208
Iter 62000 | LR: 0.0002747290244121054 | MFU: 0.02603912807629812 | time 210.43s | Loss: 0.7213107276707892
Iter 62500 | LR: 0.00027433439535172715 | MFU: 0.026076197863898094 | time 210.42s | Loss: 0.717229089513421
Iter 63000 | LR: 0.00027393706105365674 | MFU: 0.026109170278265925 | time 210.45s | Loss: 0.7319236395135519
Iter 63500 | LR: 0.00027353703233875555 | MFU: 0.02613771394199908 | time 210.54s | Loss: 0.7270674024522306
Iter 64000 | LR: 0.0002731343201012638 | MFU: 0.0261635904988272 | time 210.52s | Loss: 0.7178327403962612
Iter 64500 | LR: 0.0002727289353085037 | MFU: 0.026188420769985284 | time 210.40s | Loss: 0.7198030240088709
Iter 65000 | Perplexity: 36.08921432495117
Iter 65000 | LR: 0.0002723208890005809 | MFU: 0.0258443180573852 | time 244.29s | Loss: 0.7204798048362134
Iter 65500 | LR: 0.00027191019229008375 | MFU: 0.025900906393709826 | time 210.41s | Loss: 0.7142941012978548
Iter 66000 | LR: 0.00027149685636178094 | MFU: 0.025950864609756638 | time 210.49s | Loss: 0.7070015450567011
Iter 66500 | LR: 0.00027108089247231647 | MFU: 0.02599665594051899 | time 210.42s | Loss: 0.7112353810667991
Iter 67000 | LR: 0.0002706623119499034 | MFU: 0.02603731662961995 | time 210.47s | Loss: 0.7052196587622169
Iter 67500 | LR: 0.0002702411261940152 | MFU: 0.026074664966811465 | time 210.41s | Loss: 0.71645583063364
Iter 68000 | LR: 0.00026981734667507536 | MFU: 0.026107901519107843 | time 210.44s | Loss: 0.7026504814997314
Iter 68500 | LR: 0.00026939098493414503 | MFU: 0.026138116552642823 | time 210.41s | Loss: 0.7097616579383612
Iter 69000 | LR: 0.00026896205258260865 | MFU: 0.026164862055377068 | time 210.45s | Loss: 0.7160436861962087
Iter 69500 | LR: 0.0002685305613018577 | MFU: 0.026189430924253996 | time 210.41s | Loss: 0.714006480686367
Iter 70000 | Perplexity: 34.11610794067383
Iter 70000 | LR: 0.0002680965228429727 | MFU: 0.025846285496396566 | time 244.18s | Loss: 0.719550812356174
Iter 70500 | LR: 0.0002676599490264031 | MFU: 0.0259027118296441 | time 210.41s | Loss: 0.6962900792807338
Iter 71000 | LR: 0.0002672208517416454 | MFU: 0.025953051188866365 | time 210.45s | Loss: 0.6954025969654318
Iter 71500 | LR: 0.00026677924294691934 | MFU: 0.025998525517262568 | time 210.43s | Loss: 0.7017402482777833
Iter 72000 | LR: 0.00026633513466884214 | MFU: 0.02603788171106122 | time 210.56s | Loss: 0.7056759197264914
Iter 72500 | LR: 0.00026588853900210124 | MFU: 0.02607513458505765 | time 210.41s | Loss: 0.6995561692491176
Iter 73000 | LR: 0.0002654394681091245 | MFU: 0.026108318254733125 | time 210.44s | Loss: 0.6953833275288341
Iter 73500 | LR: 0.00026498793421974947 | MFU: 0.026138193666790415 | time 210.44s | Loss: 0.7044556725025172
Iter 74000 | LR: 0.00026453394963088983 | MFU: 0.026164029135811385 | time 210.52s | Loss: 0.6987023658677931
Iter 74500 | LR: 0.000264077526706201 | MFU: 0.026187823777525567 | time 210.48s | Loss: 0.7032202412188048
Iter 75000 | Perplexity: 32.7342414855957
Iter 75000 | LR: 0.00026361867787574287 | MFU: 0.025844463264978818 | time 244.22s | Loss: 0.7036182012036444
Iter 75500 | LR: 0.00026315741563564187 | MFU: 0.025901008502120855 | time 210.42s | Loss: 0.7055420865863558
Iter 76000 | LR: 0.00026269375254775023 | MFU: 0.02594987755950822 | time 210.58s | Loss: 0.6952545768767594
Iter 76500 | LR: 0.000262227701239304 | MFU: 0.025994543733456135 | time 210.52s | Loss: 0.6954674211889507
Iter 77000 | LR: 0.0002617592744025792 | MFU: 0.026035620064642932 | time 210.45s | Loss: 0.6853063713759182
Iter 77500 | LR: 0.00026128848479454623 | MFU: 0.02607308330252797 | time 210.41s | Loss: 0.6891470564156768
Iter 78000 | LR: 0.00026081534523652233 | MFU: 0.02610637059539071 | time 210.45s | Loss: 0.6947321629524232
Iter 78500 | LR: 0.0002603398686138223 | MFU: 0.026136559258093547 | time 210.43s | Loss: 0.6890567219629878
Iter 79000 | LR: 0.0002598620678754079 | MFU: 0.026163470610526457 | time 210.45s | Loss: 0.6951573597639801
Iter 79500 | LR: 0.00025938195603353504 | MFU: 0.026187741884825637 | time 210.44s | Loss: 0.6955571492016324
Iter 80000 | Perplexity: 31.428279876708984
Iter 80000 | LR: 0.00025889954616339927 | MFU: 0.02584464278096263 | time 244.19s | Loss: 0.6822155337035657
Iter 80500 | LR: 0.0002584148514027799 | MFU: 0.025901107507354602 | time 210.42s | Loss: 0.6853086916357276
Iter 81000 | LR: 0.00025792788495168216 | MFU: 0.025951697795095912 | time 210.44s | Loss: 0.6816402334719904
Iter 81500 | LR: 0.0002574386600719776 | MFU: 0.025997431821896476 | time 210.42s | Loss: 0.6862125983089209
Iter 82000 | LR: 0.0002569471900870432 | MFU: 0.026038276113795947 | time 210.45s | Loss: 0.6795808508247135
Iter 82500 | LR: 0.0002564534883813981 | MFU: 0.026075362362804742 | time 210.42s | Loss: 0.6787692802399398
Iter 83000 | LR: 0.0002559575684003396 | MFU: 0.026107544029045405 | time 210.52s | Loss: 0.6970093917846677
Iter 83500 | LR: 0.00025545944364957637 | MFU: 0.02613769104461869 | time 210.42s | Loss: 0.6802997316420077
Iter 84000 | LR: 0.0002549591276948614 | MFU: 0.026164578503070933 | time 210.44s | Loss: 0.6759010591357955
Iter 84500 | LR: 0.00025445663416162183 | MFU: 0.02618914036390167 | time 210.41s | Loss: 0.6871652845293285
Iter 85000 | Perplexity: 30.375032424926758
Iter 85000 | LR: 0.0002539519767345883 | MFU: 0.025845911241681785 | time 244.19s | Loss: 0.6773140506446357
Iter 85500 | LR: 0.0002534451691574224 | MFU: 0.025902301384095223 | time 210.42s | Loss: 0.6744493092596527
Iter 86000 | LR: 0.00025293622523234167 | MFU: 0.02595213764552556 | time 210.49s | Loss: 0.6736908838152893
Iter 86500 | LR: 0.00025242515881974465 | MFU: 0.025997269279522957 | time 210.47s | Loss: 0.6825558590888977
Iter 87000 | LR: 0.0002519119838378326 | MFU: 0.026037655527707773 | time 210.49s | Loss: 0.6733449755236505
Iter 87500 | LR: 0.00025139671426223115 | MFU: 0.02607473915243447 | time 210.43s | Loss: 0.6822782340645791
Iter 88000 | LR: 0.000250879364125609 | MFU: 0.026107777747981432 | time 210.45s | Loss: 0.6796315741538991
Iter 88500 | LR: 0.0002503599475172964 | MFU: 0.026137955792220977 | time 210.42s | Loss: 0.6763093940913678
Iter 89000 | LR: 0.00024983847858290107 | MFU: 0.026164815441609427 | time 210.44s | Loss: 0.6794392098858952
Iter 89500 | LR: 0.0002493149715239229 | MFU: 0.026189374077694314 | time 210.41s | Loss: 0.6804453591629863
Iter 90000 | Perplexity: 29.436798095703125
Iter 90000 | LR: 0.0002487894405973675 | MFU: 0.025846128951870145 | time 244.19s | Loss: 0.6748851060867314
Iter 90500 | LR: 0.0002482619001153578 | MFU: 0.025902629111324543 | time 210.41s | Loss: 0.6813099488615991
Iter 91000 | LR: 0.0002477323644447441 | MFU: 0.025952994273325473 | time 210.44s | Loss: 0.6681817842274898
Iter 91500 | LR: 0.00024720084800671307 | MFU: 0.025998767564992895 | time 210.41s | Loss: 0.672642847299576
Iter 92000 | LR: 0.00024666736527639485 | MFU: 0.02603953933269789 | time 210.44s | Loss: 0.6665478768199687
Iter 92500 | LR: 0.00024613193078246897 | MFU: 0.026076659004254717 | time 210.41s | Loss: 0.6825234744325281
Iter 93000 | LR: 0.0002455945591067685 | MFU: 0.02610928538313648 | time 210.47s | Loss: 0.6641272582858803
Iter 93500 | LR: 0.0002450552648838831 | MFU: 0.02613908798428663 | time 210.44s | Loss: 0.6861498015373949
Iter 94000 | LR: 0.0002445140628007603 | MFU: 0.026165454091210103 | time 210.47s | Loss: 0.6755989159643656
Iter 94500 | LR: 0.00024397096759630572 | MFU: 0.02618980999284526 | time 210.42s | Loss: 0.6754684720933439
Iter 95000 | Perplexity: 28.578519821166992
Iter 95000 | LR: 0.0002434259940609815 | MFU: 0.025846524677230025 | time 244.19s | Loss: 0.6727774898707879
Iter 95500 | LR: 0.0002428791570364037 | MFU: 0.02590298393836174 | time 210.41s | Loss: 0.6610975627601149
Iter 96000 | LR: 0.0002423304714149378 | MFU: 0.025953422377554096 | time 210.44s | Loss: 0.6725378099828961
Iter 96500 | LR: 0.00024177995213929353 | MFU: 0.025999175270993997 | time 210.41s | Loss: 0.6690669189393518
Iter 97000 | LR: 0.0002412276142021175 | MFU: 0.02603993083313777 | time 210.44s | Loss: 0.6586909524351359
Epoch 2.0
Iter 97500 | LR: 0.00024067347264558516 | MFU: 0.02607366772686859 | time 210.68s | Loss: 0.6552314066514378
Iter 98000 | LR: 0.00024011754256099123 | MFU: 0.026106939964829136 | time 210.44s | Loss: 0.6394116869941349
Iter 98500 | LR: 0.00023955983908833844 | MFU: 0.026137363631827587 | time 210.41s | Loss: 0.6373516856506465
Iter 99000 | LR: 0.00023900037741592532 | MFU: 0.026164403281125327 | time 210.43s | Loss: 0.6499563533067705
Iter 99500 | LR: 0.00023843917277993263 | MFU: 0.026188768338129 | time 210.43s | Loss: 0.6450693278387187
Iter 100000 | Perplexity: 27.913278579711914
Iter 100000 | LR: 0.00023787624046400836 | MFU: 0.025845805077263657 | time 244.17s | Loss: 0.6411605274677278
Iter 100500 | LR: 0.00023731159579885167 | MFU: 0.02589190062831462 | time 211.24s | Loss: 0.6448348603397609
Iter 101000 | LR: 0.000236745254161795 | MFU: 0.025943323686439545 | time 210.45s | Loss: 0.6490346627682448
Iter 101500 | LR: 0.00023617723097638565 | MFU: 0.025989318952865423 | time 210.47s | Loss: 0.6521113841235635
Iter 102000 | LR: 0.0002356075417119656 | MFU: 0.026030946743387448 | time 210.45s | Loss: 0.6601157616823911
Iter 102500 | LR: 0.00023503620188325023 | MFU: 0.026068931817817696 | time 210.41s | Loss: 0.6455002587661152
Iter 103000 | LR: 0.00023446322704990578 | MFU: 0.026102717433552334 | time 210.44s | Loss: 0.6522390682250263
Iter 103500 | LR: 0.00023388863281612567 | MFU: 0.026133313751288287 | time 210.42s | Loss: 0.6417725075781342
Iter 104000 | LR: 0.00023331243483020548 | MFU: 0.026160015921142095 | time 210.49s | Loss: 0.6439659739658237
Iter 104500 | LR: 0.00023273464878411672 | MFU: 0.026184993656503758 | time 210.42s | Loss: 0.6449631378054616
Iter 105000 | Perplexity: 27.387775421142578
Iter 105000 | LR: 0.0002321552904130798 | MFU: 0.02584235089146479 | time 244.17s | Loss: 0.6408007478341465
Iter 105500 | LR: 0.00023157437549513495 | MFU: 0.025899129842611734 | time 210.41s | Loss: 0.6345351329445835
Iter 106000 | LR: 0.0002309919198507131 | MFU: 0.02594978279639647 | time 210.45s | Loss: 0.6349938225373625
Iter 106500 | LR: 0.00023040793934220465 | MFU: 0.025995840926353656 | time 210.41s | Loss: 0.6446420112252237
Iter 107000 | LR: 0.0002298224498735277 | MFU: 0.026036689201696682 | time 210.46s | Loss: 0.6408830263093115
Iter 107500 | LR: 0.0002292354673896947 | MFU: 0.02607316967290301 | time 210.48s | Loss: 0.6473614618182183
Iter 108000 | LR: 0.00022864700787637857 | MFU: 0.026106317379006486 | time 210.46s | Loss: 0.6387022484466435
Iter 108500 | LR: 0.00022805708735947685 | MFU: 0.026136415170937816 | time 210.44s | Loss: 0.6418236294388763
Iter 109000 | LR: 0.00022746572190467573 | MFU: 0.026162696290193743 | time 210.50s | Loss: 0.6381610371544962
Iter 109500 | LR: 0.0002268729276170123 | MFU: 0.02618610991782618 | time 210.52s | Loss: 0.640225391350686
Iter 110000 | Perplexity: 26.9234619140625
Iter 110000 | LR: 0.00022627872064043584 | MFU: 0.02584287820180618 | time 244.23s | Loss: 0.6278651937469842
Iter 110500 | LR: 0.00022568311715736846 | MFU: 0.02589950758142116 | time 210.42s | Loss: 0.6374025527015331
Iter 111000 | LR: 0.00022508613338826424 | MFU: 0.02595023921690059 | time 210.44s | Loss: 0.6324936685338616
Iter 111500 | LR: 0.00022448778559116736 | MFU: 0.02599632258283915 | time 210.41s | Loss: 0.6459289901703588
Iter 112000 | LR: 0.00022388809006126945 | MFU: 0.026037313982022088 | time 210.44s | Loss: 0.6379474752768871
Iter 112500 | LR: 0.000223287063130466 | MFU: 0.026074222931746136 | time 210.44s | Loss: 0.639785106368363
Iter 113000 | LR: 0.0002226847211669112 | MFU: 0.0261066750971122 | time 210.50s | Loss: 0.6261066781729457
Iter 113500 | LR: 0.0002220810805745724 | MFU: 0.026137072830765964 | time 210.41s | Loss: 0.6356289514899256
Iter 114000 | LR: 0.00022147615779278355 | MFU: 0.026164084112330767 | time 210.44s | Loss: 0.6360678327828647
Iter 114500 | LR: 0.000220869969295797 | MFU: 0.02618865073142962 | time 210.42s | Loss: 0.640188586562872
Iter 115000 | Perplexity: 26.477243423461914
Iter 115000 | LR: 0.00022026253159233535 | MFU: 0.02584448673663855 | time 244.30s | Loss: 0.6341550232842568
Iter 115500 | LR: 0.00021965386122514154 | MFU: 0.025901080188400805 | time 210.41s | Loss: 0.6386211423575876
Iter 116000 | LR: 0.00021904397477052855 | MFU: 0.02595163447657734 | time 210.44s | Loss: 0.6423843057081106
Iter 116500 | LR: 0.0002184328888379277 | MFU: 0.02599679745862977 | time 210.47s | Loss: 0.6369181150943037
Iter 117000 | LR: 0.00021782062006943655 | MFU: 0.026037879058622142 | time 210.43s | Loss: 0.6297698691487313
Iter 117500 | LR: 0.00021720718513936564 | MFU: 0.026075257003524085 | time 210.40s | Loss: 0.6402293739840386
Iter 118000 | LR: 0.0002165926007537842 | MFU: 0.026108436416505842 | time 210.44s | Loss: 0.643422383032739
Iter 118500 | LR: 0.0002159768836500655 | MFU: 0.026138701334396833 | time 210.41s | Loss: 0.6390048038214444
Iter 119000 | LR: 0.00021536005059643074 | MFU: 0.026165571354993786 | time 210.44s | Loss: 0.6378758159279821
Iter 119500 | LR: 0.00021474211839149252 | MFU: 0.026190199748509956 | time 210.40s | Loss: 0.6391964761167768
Iter 120000 | Perplexity: 25.84429168701172
Iter 120000 | LR: 0.00021412310386379732 | MFU: 0.02584712671753758 | time 244.16s | Loss: 0.6360943953692918
Iter 120500 | LR: 0.0002135030238713673 | MFU: 0.025903586807097458 | time 210.40s | Loss: 0.6357503525540228
Iter 121000 | LR: 0.00021288189530124105 | MFU: 0.025953867645619754 | time 210.44s | Loss: 0.6373903783783318
Iter 121500 | LR: 0.0002122597350690137 | MFU: 0.025999454106952515 | time 210.42s | Loss: 0.6289547315612432
Iter 122000 | LR: 0.0002116365601183764 | MFU: 0.02604007622877801 | time 210.45s | Loss: 0.6349387110024692
Iter 122500 | LR: 0.00021101238742065467 | MFU: 0.026077019702952293 | time 210.42s | Loss: 0.6373140266165142
Iter 123000 | LR: 0.00021038723397434644 | MFU: 0.02610998383917188 | time 210.44s | Loss: 0.6261274886131287
Iter 123500 | LR: 0.00020976111680465895 | MFU: 0.02613937537571727 | time 210.46s | Loss: 0.6351179030537604
Iter 124000 | LR: 0.00020913405296304514 | MFU: 0.026166064068424432 | time 210.44s | Loss: 0.623789112456143
Iter 124500 | LR: 0.0002085060595267392 | MFU: 0.02619052232437501 | time 210.41s | Loss: 0.6215748467296366
Iter 125000 | Perplexity: 25.49085807800293
Iter 125000 | LR: 0.0002078771535982917 | MFU: 0.025847422113990458 | time 244.16s | Loss: 0.6335963632166386
Iter 125500 | LR: 0.00020724735230510363 | MFU: 0.02590301072005533 | time 210.47s | Loss: 0.6219278859719634
Iter 126000 | LR: 0.00020661667279896003 | MFU: 0.025953431943538448 | time 210.44s | Loss: 0.6390637852996588
Iter 126500 | LR: 0.00020598513225556295 | MFU: 0.025999162327077288 | time 210.41s | Loss: 0.6268953484669331
Iter 127000 | LR: 0.0002053527478740635 | MFU: 0.02603943252440605 | time 210.48s | Loss: 0.6217883569374678
Iter 127500 | LR: 0.00020471953687659363 | MFU: 0.02607628345489109 | time 210.43s | Loss: 0.6271287002414464
Iter 128000 | LR: 0.00020408551650779704 | MFU: 0.02610942357312789 | time 210.43s | Loss: 0.6240657041966918
Iter 128500 | LR: 0.00020345070403435969 | MFU: 0.0261396614503795 | time 210.40s | Loss: 0.621659870035946
Iter 129000 | LR: 0.00020281511674453926 | MFU: 0.026166378521700673 | time 210.44s | Loss: 0.6388284780830146
Iter 129500 | LR: 0.0002021787719476946 | MFU: 0.026190273094135453 | time 210.45s | Loss: 0.6206170981749884
Iter 130000 | Perplexity: 25.014453887939453
Iter 130000 | LR: 0.0002015416869738142 | MFU: 0.025846435780772725 | time 244.25s | Loss: 0.6247539265081281
Iter 130500 | LR: 0.00020090387917304426 | MFU: 0.025902822564313477 | time 210.41s | Loss: 0.6219555688649422
Iter 131000 | LR: 0.00020026536591521624 | MFU: 0.025953219697767926 | time 210.44s | Loss: 0.635204733796418
Iter 131500 | LR: 0.00019962616458937376 | MFU: 0.025998972221637648 | time 210.41s | Loss: 0.638200704604387
Iter 132000 | LR: 0.00019898629260329902 | MFU: 0.026039688270011033 | time 210.45s | Loss: 0.6260717070475225
Iter 132500 | LR: 0.0001983457673830387 | MFU: 0.026075921562081023 | time 210.48s | Loss: 0.6326618291065096
Iter 133000 | LR: 0.00019770460637242953 | MFU: 0.02610812987739121 | time 210.51s | Loss: 0.621310093216598
Iter 133500 | LR: 0.00019706282703262304 | MFU: 0.02613809419167841 | time 210.43s | Loss: 0.6254598811641334
Iter 134000 | LR: 0.00019642044684161017 | MFU: 0.026164754827225807 | time 210.46s | Loss: 0.634366951957345
Iter 134500 | LR: 0.0001957774832937452 | MFU: 0.026189210389762713 | time 210.42s | Loss: 0.6189226995408531
Iter 135000 | Perplexity: 24.65966033935547
Iter 135000 | LR: 0.00019513395389926934 | MFU: 0.025845948133736578 | time 244.20s | Loss: 0.6215058739855884
Iter 135500 | LR: 0.00019448987618383388 | MFU: 0.02590230877732127 | time 210.42s | Loss: 0.6239022270217541
Iter 136000 | LR: 0.00019384526768802292 | MFU: 0.02595265461608311 | time 210.45s | Loss: 0.6285245955735439
Iter 136500 | LR: 0.00019320014596687558 | MFU: 0.025998282607558203 | time 210.42s | Loss: 0.6239766195788984
Iter 137000 | LR: 0.00019255452858940803 | MFU: 0.02603902816450442 | time 210.45s | Loss: 0.6235641789436336
Iter 137500 | LR: 0.00019190843313813492 | MFU: 0.026075693072031496 | time 210.45s | Loss: 0.6291652052477001
Iter 138000 | LR: 0.00019126187720859065 | MFU: 0.02610874527729179 | time 210.44s | Loss: 0.6231491749733683
Iter 138500 | LR: 0.00019061487840885005 | MFU: 0.026138952491453003 | time 210.41s | Loss: 0.6271249275654556
Iter 139000 | LR: 0.000189967454359049 | MFU: 0.026165606296389265 | time 210.45s | Loss: 0.6229257909953593
Iter 139500 | LR: 0.00018931962269090448 | MFU: 0.026190056639710628 | time 210.41s | Loss: 0.6268320398777724
Iter 140000 | Perplexity: 24.33480453491211
Iter 140000 | LR: 0.0001886714010472343 | MFU: 0.025845968052130467 | time 244.27s | Loss: 0.6236034897342321
Iter 140500 | LR: 0.0001880228070814768 | MFU: 0.025901863033540307 | time 210.45s | Loss: 0.6185749870166181
Iter 141000 | LR: 0.00018737385845721006 | MFU: 0.025952167592485368 | time 210.46s | Loss: 0.6153394654765719
Iter 141500 | LR: 0.00018672457284767073 | MFU: 0.02599774980939584 | time 210.43s | Loss: 0.624347831197083
Iter 142000 | LR: 0.00018607496793527283 | MFU: 0.026038550103032285 | time 210.45s | Loss: 0.6143198541924358
Iter 142500 | LR: 0.00018542506141112612 | MFU: 0.02607571885576746 | time 210.41s | Loss: 0.6231355936825281
Iter 143000 | LR: 0.0001847748709745544 | MFU: 0.026108232140757033 | time 210.49s | Loss: 0.6279339181259278
Iter 143500 | LR: 0.0001841244143326134 | MFU: 0.026138283821958548 | time 210.42s | Loss: 0.6238044866919515
Iter 144000 | LR: 0.00018347370919960862 | MFU: 0.026164934223093794 | time 210.46s | Loss: 0.6218037994578487
Iter 144500 | LR: 0.0001828227732966129 | MFU: 0.026189366277319232 | time 210.42s | Loss: 0.6166370533779268
Iter 145000 | Perplexity: 24.036701202392578
Iter 145000 | LR: 0.0001821716243509837 | MFU: 0.02584568730109505 | time 244.24s | Loss: 0.6238490435853599
Iter 145500 | LR: 0.00018152028009588045 | MFU: 0.025902018176149972 | time 210.42s | Loss: 0.6199290481954808
Epoch 3.0
Iter 146000 | LR: 0.00018086875826978167 | MFU: 0.025949835069765743 | time 210.65s | Loss: 0.6011888704076414
Iter 146500 | LR: 0.00018021707661600161 | MFU: 0.02599510732086604 | time 210.47s | Loss: 0.5891970631107689
Iter 147000 | LR: 0.00017956525288220735 | MFU: 0.026035944042153845 | time 210.47s | Loss: 0.5864973943680525
Iter 147500 | LR: 0.00017891330481993524 | MFU: 0.026073259817807188 | time 210.42s | Loss: 0.5879483594372867
Iter 148000 | LR: 0.0001782612501841076 | MFU: 0.026106389837731593 | time 210.46s | Loss: 0.5874391594901681
Iter 148500 | LR: 0.00017760910673254908 | MFU: 0.026136470408903892 | time 210.44s | Loss: 0.5907907497510305
Iter 149000 | LR: 0.00017695689222550317 | MFU: 0.026163201111725883 | time 210.46s | Loss: 0.6008579390496016
Iter 149500 | LR: 0.0001763046244251485 | MFU: 0.02618774818493228 | time 210.43s | Loss: 0.5876783070713285
Iter 150000 | Perplexity: 24.002866744995117
Iter 150000 | LR: 0.00017565232109511492 | MFU: 0.025844504463650348 | time 244.21s | Loss: 0.5903712046146397
Iter 150500 | LR: 0.00017499999999999997 | MFU: 0.02589040696032139 | time 211.27s | Loss: 0.5914050089195368
Iter 151000 | LR: 0.00017434767890488507 | MFU: 0.02594185689625533 | time 210.46s | Loss: 0.5903898665681484
Iter 151500 | LR: 0.00017369537557485146 | MFU: 0.025988582125593927 | time 210.42s | Loss: 0.5877919119223954
Iter 152000 | LR: 0.00017304310777449677 | MFU: 0.02602995749746611 | time 210.48s | Loss: 0.589813027977943
Iter 152500 | LR: 0.00017239089326745086 | MFU: 0.02606762199942157 | time 210.44s | Loss: 0.5957832799479367
Iter 153000 | LR: 0.0001717387498158924 | MFU: 0.02610141229076442 | time 210.45s | Loss: 0.5869326789677142
Iter 153500 | LR: 0.00017108669518006475 | MFU: 0.0261322151027246 | time 210.42s | Loss: 0.5955534842982887
Iter 154000 | LR: 0.00017043474711779261 | MFU: 0.026159415921982815 | time 210.46s | Loss: 0.5912415947765121
Iter 154500 | LR: 0.00016978292338399835 | MFU: 0.026184444335827322 | time 210.42s | Loss: 0.5960259945318104
Iter 155000 | Perplexity: 23.720748901367188
Iter 155000 | LR: 0.0001691312417302183 | MFU: 0.02584161789316234 | time 244.20s | Loss: 0.5953206713497636
Iter 155500 | LR: 0.0001684797199041195 | MFU: 0.02589740654198079 | time 210.50s | Loss: 0.5963250274211167
Iter 156000 | LR: 0.00016782837564901628 | MFU: 0.02594658564753905 | time 210.58s | Loss: 0.5927954267710449
Iter 156500 | LR: 0.00016717722670338706 | MFU: 0.025991270033744907 | time 210.55s | Loss: 0.5886420394480228
Iter 157000 | LR: 0.00016652629080039135 | MFU: 0.026031633917198562 | time 210.53s | Loss: 0.594941207543016
Iter 157500 | LR: 0.00016587558566738653 | MFU: 0.026069374394626612 | time 210.42s | Loss: 0.5964951327070597
Iter 158000 | LR: 0.00016522512902544557 | MFU: 0.026103008654867234 | time 210.45s | Loss: 0.6012512448430061
Iter 158500 | LR: 0.00016457493858887387 | MFU: 0.02613342796663222 | time 210.44s | Loss: 0.6000002843141558
Iter 159000 | LR: 0.00016392503206472713 | MFU: 0.02616004832511877 | time 210.50s | Loss: 0.5924517543986441
Iter 159500 | LR: 0.00016327542715232924 | MFU: 0.026185039871144115 | time 210.41s | Loss: 0.5951860441267488
Iter 160000 | Perplexity: 23.44777488708496
Iter 160000 | LR: 0.00016262614154278988 | MFU: 0.025842101289599045 | time 244.21s | Loss: 0.5906910387054091
Iter 160500 | LR: 0.00016197719291852317 | MFU: 0.025898495650814132 | time 210.45s | Loss: 0.6065238881111144
Iter 161000 | LR: 0.00016132859895276572 | MFU: 0.025949057312039437 | time 210.46s | Loss: 0.5937349290400737
Iter 161500 | LR: 0.0001606803773090955 | MFU: 0.025994371404874102 | time 210.48s | Loss: 0.5927056835591791
Iter 162000 | LR: 0.00016003254564095096 | MFU: 0.026035345439843732 | time 210.46s | Loss: 0.5840308314934367
Iter 162500 | LR: 0.00015938512159114992 | MFU: 0.02607278044406138 | time 210.42s | Loss: 0.5971771099045877
Iter 163000 | LR: 0.00015873812279140932 | MFU: 0.02610607783577387 | time 210.45s | Loss: 0.5876549823582173
Iter 163500 | LR: 0.00015809156686186505 | MFU: 0.026136189960181026 | time 210.44s | Loss: 0.6000206393003462
Iter 164000 | LR: 0.00015744547141059194 | MFU: 0.026162366122863406 | time 210.51s | Loss: 0.5931771722063428
Iter 164500 | LR: 0.0001567998540331244 | MFU: 0.026186320151453182 | time 210.48s | Loss: 0.6003951535001395
Iter 165000 | Perplexity: 23.22222137451172
Iter 165000 | LR: 0.00015615473231197705 | MFU: 0.02584323309847668 | time 244.21s | Loss: 0.5864005170762537
Iter 165500 | LR: 0.0001555101238161661 | MFU: 0.025899762131824985 | time 210.43s | Loss: 0.584003012962639
Iter 166000 | LR: 0.00015486604610073066 | MFU: 0.02595036295822202 | time 210.45s | Loss: 0.595572411678731
Iter 166500 | LR: 0.00015422251670625477 | MFU: 0.02599641346192408 | time 210.41s | Loss: 0.59132171522826
Iter 167000 | LR: 0.00015357955315838982 | MFU: 0.026037340802976483 | time 210.45s | Loss: 0.5973861292749644
Iter 167500 | LR: 0.0001529371729673769 | MFU: 0.026074160075509712 | time 210.45s | Loss: 0.5879552699625493
Iter 168000 | LR: 0.00015229539362757044 | MFU: 0.026106904638112036 | time 210.48s | Loss: 0.5833574394136669
Iter 168500 | LR: 0.0001516542326169613 | MFU: 0.0261372451194683 | time 210.41s | Loss: 0.6011365069448952
Iter 169000 | LR: 0.00015101370739670095 | MFU: 0.026164117594796126 | time 210.45s | Loss: 0.5914221080020075
Iter 169500 | LR: 0.0001503738354106262 | MFU: 0.026188779407223882 | time 210.41s | Loss: 0.5955333123728639
Iter 170000 | Perplexity: 23.094478607177734
Iter 170000 | LR: 0.0001497346340847837 | MFU: 0.025845163966560513 | time 244.24s | Loss: 0.5888560162112119
Iter 170500 | LR: 0.0001490961208269557 | MFU: 0.025901094929890286 | time 210.46s | Loss: 0.5925308495387441
Iter 171000 | LR: 0.0001484583130261858 | MFU: 0.025951654065451232 | time 210.44s | Loss: 0.5912337398156522
Iter 171500 | LR: 0.00014782122805230539 | MFU: 0.025997550218336832 | time 210.41s | Loss: 0.5986006654426451
Iter 172000 | LR: 0.00014718488325546068 | MFU: 0.02603853973069298 | time 210.43s | Loss: 0.5818741140514612
Iter 172500 | LR: 0.00014654929596564026 | MFU: 0.02607533754577161 | time 210.44s | Loss: 0.5947001850977545
Iter 173000 | LR: 0.0001459144834922029 | MFU: 0.026108228675197725 | time 210.46s | Loss: 0.5905141526833186
Iter 173500 | LR: 0.00014528046312340637 | MFU: 0.02613795779340332 | time 210.45s | Loss: 0.5968274344876406
Iter 174000 | LR: 0.00014464725212593647 | MFU: 0.02616479602862464 | time 210.44s | Loss: 0.5865202400460835
Iter 174500 | LR: 0.00014401486774443702 | MFU: 0.02618936848960795 | time 210.41s | Loss: 0.5964615652337663
Iter 175000 | Perplexity: 22.825109481811523
Iter 175000 | LR: 0.00014338332720103988 | MFU: 0.02584618587289141 | time 244.18s | Loss: 0.5822183364629744
Iter 175500 | LR: 0.00014275264769489634 | MFU: 0.025902592221719086 | time 210.41s | Loss: 0.5912728992477059
Iter 176000 | LR: 0.00014212284640170825 | MFU: 0.025952576214245633 | time 210.47s | Loss: 0.5854378990456461
Iter 176500 | LR: 0.00014149394047326076 | MFU: 0.025997523215096973 | time 210.48s | Loss: 0.5829264414682983
Iter 177000 | LR: 0.00014086594703695488 | MFU: 0.026037954383819686 | time 210.48s | Loss: 0.5924400495737787
Iter 177500 | LR: 0.000140238883195341 | MFU: 0.026075188630737222 | time 210.41s | Loss: 0.5942625415325165
Iter 178000 | LR: 0.0001396127660256535 | MFU: 0.026108356451493172 | time 210.44s | Loss: 0.5799783969298004
Iter 178500 | LR: 0.0001389876125793453 | MFU: 0.02613854521876482 | time 210.41s | Loss: 0.5940807102993132
Iter 179000 | LR: 0.00013836343988162357 | MFU: 0.026165294074190257 | time 210.45s | Loss: 0.5826413363590837
Iter 179500 | LR: 0.00013774026493098627 | MFU: 0.026189903498202695 | time 210.40s | Loss: 0.5877210718393325
Iter 180000 | Perplexity: 22.711158752441406
Iter 180000 | LR: 0.00013711810469875892 | MFU: 0.02584660384834062 | time 244.19s | Loss: 0.5971985511109235
Iter 180500 | LR: 0.00013649697612863265 | MFU: 0.025902883099789283 | time 210.42s | Loss: 0.5819576366245748
Iter 181000 | LR: 0.0001358768961362026 | MFU: 0.02595286618391065 | time 210.47s | Loss: 0.586084956601262
Iter 181500 | LR: 0.00013525788160850745 | MFU: 0.025998768724942674 | time 210.40s | Loss: 0.5811095600202684
Iter 182000 | LR: 0.00013463994940356923 | MFU: 0.026039263910126516 | time 210.46s | Loss: 0.5867346291989091
Iter 182500 | LR: 0.00013402311634993445 | MFU: 0.02607616076090981 | time 210.43s | Loss: 0.5880580028519029
Iter 183000 | LR: 0.00013340739924621575 | MFU: 0.026109344492764176 | time 210.43s | Loss: 0.5859779518470172
Iter 183500 | LR: 0.00013279281486063433 | MFU: 0.02613951729520356 | time 210.41s | Loss: 0.5916191910207272
Iter 184000 | LR: 0.0001321793799305634 | MFU: 0.026166083030220024 | time 210.45s | Loss: 0.588408190496266
Iter 184500 | LR: 0.00013156711116207227 | MFU: 0.026190210919961085 | time 210.44s | Loss: 0.590629629343748
Iter 185000 | Perplexity: 22.42201042175293
Iter 185000 | LR: 0.0001309560252294714 | MFU: 0.02584690200491854 | time 244.19s | Loss: 0.5906891208142038
Iter 185500 | LR: 0.0001303461387748584 | MFU: 0.025902850103055923 | time 210.44s | Loss: 0.5789138326793898
Iter 186000 | LR: 0.0001297374684076646 | MFU: 0.025952141368195507 | time 210.53s | Loss: 0.5879683830961586
Iter 186500 | LR: 0.00012913003070420294 | MFU: 0.025997255805610162 | time 210.47s | Loss: 0.5853990837559108
Iter 187000 | LR: 0.00012852384220721645 | MFU: 0.026038229130364025 | time 210.44s | Loss: 0.6028282389044755
Iter 187500 | LR: 0.00012791891942542753 | MFU: 0.026075512146255284 | time 210.41s | Loss: 0.5846027771011002
Iter 188000 | LR: 0.0001273152788330888 | MFU: 0.02610824873358498 | time 210.47s | Loss: 0.5886094748973848
Iter 188500 | LR: 0.00012671293686953398 | MFU: 0.0261383625299789 | time 210.42s | Loss: 0.5887320479750637
Iter 189000 | LR: 0.0001261119099387305 | MFU: 0.026165186100866916 | time 210.44s | Loss: 0.5936636064574125
Iter 189500 | LR: 0.00012551221440883263 | MFU: 0.026189541404613492 | time 210.42s | Loss: 0.5861652897298333
Iter 190000 | Perplexity: 22.258953094482422
Iter 190000 | LR: 0.0001249138666117357 | MFU: 0.02584634626262742 | time 244.18s | Loss: 0.5825894806161522
Iter 190500 | LR: 0.00012431688284263149 | MFU: 0.025902324790228828 | time 210.45s | Loss: 0.5770183321461083
Iter 191000 | LR: 0.0001237212793595641 | MFU: 0.025952185134276606 | time 210.49s | Loss: 0.592618833370507
Iter 191500 | LR: 0.0001231270723829877 | MFU: 0.025997052278853645 | time 210.49s | Loss: 0.5835188189521437
Iter 192000 | LR: 0.0001225342780953242 | MFU: 0.026037104593019052 | time 210.51s | Loss: 0.5920484343543647
Iter 192500 | LR: 0.00012194291264052312 | MFU: 0.02607341718876196 | time 210.49s | Loss: 0.5922388676553971
Iter 193000 | LR: 0.00012135299212362143 | MFU: 0.02610594840355708 | time 210.50s | Loss: 0.5772226126864552
Iter 193500 | LR: 0.00012076453261030524 | MFU: 0.026136060301096734 | time 210.44s | Loss: 0.5927876494452355
Iter 194000 | LR: 0.0001201775501264723 | MFU: 0.026162700643949828 | time 210.47s | Loss: 0.6005655911192298
Epoch 4.0
Iter 194500 | LR: 0.00011959206065779534 | MFU: 0.02618457747779497 | time 210.64s | Loss: 0.5697279172763237
Iter 195000 | Perplexity: 22.284669876098633
Iter 195000 | LR: 0.00011900808014928688 | MFU: 0.025841453865774192 | time 244.23s | Loss: 0.5583554587513208
Iter 195500 | LR: 0.00011842562450486505 | MFU: 0.02589805174182424 | time 210.43s | Loss: 0.5484432471171032
Iter 196000 | LR: 0.00011784470958692018 | MFU: 0.02594863015893208 | time 210.46s | Loss: 0.5567478381842379
Iter 196500 | LR: 0.00011726535121588322 | MFU: 0.025994458894956638 | time 210.44s | Loss: 0.5526141501590611
Iter 197000 | LR: 0.00011668756516979451 | MFU: 0.02603522373174844 | time 210.48s | Loss: 0.5588568483665581
Iter 197500 | LR: 0.00011611136718387428 | MFU: 0.026072574371753147 | time 210.42s | Loss: 0.5530000409111377
Iter 198000 | LR: 0.00011553677295009419 | MFU: 0.026105880210184125 | time 210.45s | Loss: 0.560556949824095
Iter 198500 | LR: 0.00011496379811674971 | MFU: 0.02613596606523963 | time 210.44s | Loss: 0.5560398801788691
Iter 199000 | LR: 0.00011439245828803434 | MFU: 0.026162599149189714 | time 210.48s | Loss: 0.551540002822876
Iter 199500 | LR: 0.00011382276902361432 | MFU: 0.02618703021729786 | time 210.44s | Loss: 0.5597791612520819
Iter 200000 | Perplexity: 22.30786895751953
Iter 200000 | LR: 0.00011325474583820497 | MFU: 0.02584387220661222 | time 244.21s | Loss: 0.5570148353278637
Iter 200500 | LR: 0.0001126884042011483 | MFU: 0.025889594989851425 | time 211.29s | Loss: 0.553694717660547
Iter 201000 | LR: 0.00011212375953599155 | MFU: 0.02594071514113071 | time 210.49s | Loss: 0.5518275329843163
Iter 201500 | LR: 0.00011156082722006734 | MFU: 0.02598711284118039 | time 210.46s | Loss: 0.5555949791520832
Iter 202000 | LR: 0.00011099962258407468 | MFU: 0.02602871276583658 | time 210.47s | Loss: 0.5543624223023649
Iter 202500 | LR: 0.00011044016091166152 | MFU: 0.026066555610998552 | time 210.44s | Loss: 0.5672069473937152
Iter 203000 | LR: 0.00010988245743900873 | MFU: 0.026100132976364293 | time 210.48s | Loss: 0.5613408919796345
Iter 203500 | LR: 0.00010932652735441475 | MFU: 0.026130663387063453 | time 210.45s | Loss: 0.5602932790666822
Iter 204000 | LR: 0.00010877238579788249 | MFU: 0.026156352660758532 | time 210.59s | Loss: 0.5530887371301652
Iter 204500 | LR: 0.00010822004786070645 | MFU: 0.02618105866265632 | time 210.47s | Loss: 0.5550285086780792
Iter 205000 | Perplexity: 22.22905921936035
Iter 205000 | LR: 0.00010766952858506212 | MFU: 0.025838191942303114 | time 244.24s | Loss: 0.565382694862783
Iter 205500 | LR: 0.00010712084296359627 | MFU: 0.025894813877321378 | time 210.46s | Loss: 0.5563652804866438
Iter 206000 | LR: 0.00010657400593901841 | MFU: 0.025944751278960797 | time 210.54s | Loss: 0.5602909709885716
Iter 206500 | LR: 0.00010602903240369424 | MFU: 0.02599035954532336 | time 210.49s | Loss: 0.5648932388797407
Iter 207000 | LR: 0.00010548593719923968 | MFU: 0.026031398546125645 | time 210.49s | Loss: 0.5622546830400823
Iter 207500 | LR: 0.00010494473511611685 | MFU: 0.026068732108443633 | time 210.46s | Loss: 0.5634750435128808
Iter 208000 | LR: 0.00010440544089323144 | MFU: 0.026102028642913923 | time 210.48s | Loss: 0.5555767371878025
Iter 208500 | LR: 0.00010386806921753099 | MFU: 0.026131714343783294 | time 210.50s | Loss: 0.5530185126885769
Iter 209000 | LR: 0.00010333263472360508 | MFU: 0.02615878430272147 | time 210.47s | Loss: 0.5539403429627417
Iter 209500 | LR: 0.00010279915199328692 | MFU: 0.02618321452397997 | time 210.47s | Loss: 0.5533457751199606
Iter 210000 | Perplexity: 22.09334945678711
Iter 210000 | LR: 0.0001022676355552559 | MFU: 0.025840158481225887 | time 244.24s | Loss: 0.5586671611294146
Iter 210500 | LR: 0.00010173809988464223 | MFU: 0.025895855429419672 | time 210.52s | Loss: 0.5549610999599098
Iter 211000 | LR: 0.00010121055940263247 | MFU: 0.02594639793137715 | time 210.48s | Loss: 0.5574990810081366
Iter 211500 | LR: 0.00010068502847607709 | MFU: 0.025992387309308456 | time 210.44s | Loss: 0.5616284964233633
Iter 212000 | LR: 0.00010016152141709894 | MFU: 0.026033356780513807 | time 210.48s | Loss: 0.5512600348889827
Iter 212500 | LR: 9.964005248270354e-05 | MFU: 0.026070612570286183 | time 210.45s | Loss: 0.5531939975917337
Iter 213000 | LR: 9.912063587439097e-05 | MFU: 0.02610292455243368 | time 210.54s | Loss: 0.5574858333170416
Iter 213500 | LR: 9.860328573776883e-05 | MFU: 0.026132168197508722 | time 210.53s | Loss: 0.5639290104061369
Iter 214000 | LR: 9.808801616216736e-05 | MFU: 0.026158567987988723 | time 210.52s | Loss: 0.5520752182230346
Iter 214500 | LR: 9.75748411802554e-05 | MFU: 0.026183232692120653 | time 210.45s | Loss: 0.5573716853931546
Iter 215000 | Perplexity: 22.000347137451172
Iter 215000 | LR: 9.70637747676583e-05 | MFU: 0.025839626913531172 | time 244.30s | Loss: 0.5581560051813722
Iter 215500 | LR: 9.655483084257762e-05 | MFU: 0.02589602708235126 | time 210.47s | Loss: 0.5620589620992539
Iter 216000 | LR: 9.604802326541162e-05 | MFU: 0.02594572923715112 | time 210.55s | Loss: 0.553542369157076
Iter 216500 | LR: 9.554336583837816e-05 | MFU: 0.02599165733435837 | time 210.45s | Loss: 0.5554112952575082
Iter 217000 | LR: 9.504087230513862e-05 | MFU: 0.026032569169865696 | time 210.49s | Loss: 0.557825780361891
Iter 217500 | LR: 9.454055635042358e-05 | MFU: 0.026069819561657527 | time 210.45s | Loss: 0.5592464811354874
Iter 218000 | LR: 9.404243159966041e-05 | MFU: 0.02610271929672112 | time 210.50s | Loss: 0.5516750664636497
Iter 218500 | LR: 9.354651161860183e-05 | MFU: 0.026133033752211828 | time 210.45s | Loss: 0.5629719902947544
Iter 219000 | LR: 9.305280991295677e-05 | MFU: 0.026159946953106954 | time 210.48s | Loss: 0.551138211339712
Iter 219500 | LR: 9.256133992802237e-05 | MFU: 0.02618465651846099 | time 210.44s | Loss: 0.5504002664238219
Iter 220000 | Perplexity: 21.87812614440918
Iter 220000 | LR: 9.20721150483178e-05 | MFU: 0.025841706919394292 | time 244.21s | Loss: 0.5562684992700815
Iter 220500 | LR: 9.158514859722007e-05 | MFU: 0.025898019330245728 | time 210.46s | Loss: 0.5558537833020095
Iter 221000 | LR: 9.110045383660068e-05 | MFU: 0.025948332301858234 | time 210.48s | Loss: 0.559399479143321
Iter 221500 | LR: 9.061804396646493e-05 | MFU: 0.02599415231678037 | time 210.44s | Loss: 0.5545009188726543
Iter 222000 | LR: 9.013793212459205e-05 | MFU: 0.026034202556088855 | time 210.54s | Loss: 0.5574972958490249
Iter 222500 | LR: 8.966013138617766e-05 | MFU: 0.026070233926420352 | time 210.54s | Loss: 0.5501185631006952
Iter 223000 | LR: 8.918465476347767e-05 | MFU: 0.02610208024619038 | time 210.58s | Loss: 0.5670460605248809
Iter 223500 | LR: 8.871151520545368e-05 | MFU: 0.0261322265034465 | time 210.47s | Loss: 0.5582075888663536
Iter 224000 | LR: 8.824072559742075e-05 | MFU: 0.026159196847627846 | time 210.48s | Loss: 0.5681823746487501
Iter 224500 | LR: 8.777229876069602e-05 | MFU: 0.026183683145682805 | time 210.46s | Loss: 0.5640842998027802
Iter 225000 | Perplexity: 21.770854949951172
Iter 225000 | LR: 8.730624745224977e-05 | MFU: 0.02584040569215938 | time 244.26s | Loss: 0.5573174692690371
Iter 225500 | LR: 8.68425843643581e-05 | MFU: 0.025895647971754858 | time 210.55s | Loss: 0.5567911200225351
Iter 226000 | LR: 8.638132212425713e-05 | MFU: 0.025945791244385404 | time 210.52s | Loss: 0.5619122184067958
Iter 226500 | LR: 8.592247329379903e-05 | MFU: 0.025991539626405064 | time 210.47s | Loss: 0.554096950031817
Iter 227000 | LR: 8.546605036911013e-05 | MFU: 0.02603235959842231 | time 210.50s | Loss: 0.561384189873934
Iter 227500 | LR: 8.501206578025053e-05 | MFU: 0.026069458469939206 | time 210.47s | Loss: 0.559917244873941
Iter 228000 | LR: 8.456053189087549e-05 | MFU: 0.026102788476396837 | time 210.47s | Loss: 0.5543633209541446
Iter 228500 | LR: 8.411146099789874e-05 | MFU: 0.026133098634524343 | time 210.45s | Loss: 0.5555558500438932
Iter 229000 | LR: 8.366486533115781e-05 | MFU: 0.026159720272951967 | time 210.50s | Loss: 0.5608380659669638
Iter 229500 | LR: 8.32207570530806e-05 | MFU: 0.026184482350079488 | time 210.44s | Loss: 0.5546260699257256
Iter 230000 | Perplexity: 21.60972023010254
Iter 230000 | LR: 8.277914825835454e-05 | MFU: 0.025841521819012427 | time 244.21s | Loss: 0.5616813727468254
Iter 230500 | LR: 8.234005097359687e-05 | MFU: 0.02589764334014264 | time 210.47s | Loss: 0.5663722222298383
Iter 231000 | LR: 8.190347715702726e-05 | MFU: 0.025948281088497775 | time 210.46s | Loss: 0.5602710418403146
Iter 231500 | LR: 8.14694386981423e-05 | MFU: 0.025993823828934816 | time 210.46s | Loss: 0.5556781332194802
Iter 232000 | LR: 8.103794741739131e-05 | MFU: 0.0260348186513591 | time 210.46s | Loss: 0.5504161850735542
Iter 232500 | LR: 8.060901506585494e-05 | MFU: 0.026071976027229497 | time 210.44s | Loss: 0.5592250876501204
Iter 233000 | LR: 8.018265332492461e-05 | MFU: 0.026104890045593715 | time 210.49s | Loss: 0.5636551931500433
Iter 233500 | LR: 7.975887380598477e-05 | MFU: 0.026134835873768428 | time 210.46s | Loss: 0.5556365574151275
Iter 234000 | LR: 7.933768805009657e-05 | MFU: 0.026161561810416824 | time 210.48s | Loss: 0.5590210195258254
Iter 234500 | LR: 7.891910752768347e-05 | MFU: 0.02618596183907221 | time 210.45s | Loss: 0.5565824733301994
Iter 235000 | Perplexity: 21.505359649658203
Iter 235000 | LR: 7.850314363821903e-05 | MFU: 0.025841963412467445 | time 244.31s | Loss: 0.5602040050551295
Iter 235500 | LR: 7.808980770991622e-05 | MFU: 0.025898033889342406 | time 210.47s | Loss: 0.5546680212020881
Iter 236000 | LR: 7.767911099941909e-05 | MFU: 0.025948287665997834 | time 210.49s | Loss: 0.5604618785157797
Iter 236500 | LR: 7.727106469149627e-05 | MFU: 0.025994005488510673 | time 210.45s | Loss: 0.5602444938197735
Iter 237000 | LR: 7.686567989873612e-05 | MFU: 0.026034846183437474 | time 210.47s | Loss: 0.5627376565709716
Iter 237500 | LR: 7.646296766124439e-05 | MFU: 0.026071572405027926 | time 210.48s | Loss: 0.5579963361844423
Iter 238000 | LR: 7.606293894634325e-05 | MFU: 0.026104531977093875 | time 210.48s | Loss: 0.5550194650143381
Iter 238500 | LR: 7.566560464827283e-05 | MFU: 0.026134558875901652 | time 210.46s | Loss: 0.5609351016208534
Iter 239000 | LR: 7.527097558789457e-05 | MFU: 0.026161498538053947 | time 210.46s | Loss: 0.5604320516809825
Iter 239500 | LR: 7.487906251239625e-05 | MFU: 0.0261850216988838 | time 210.52s | Loss: 0.5635236492753033
Iter 240000 | Perplexity: 21.4417781829834
Iter 240000 | LR: 7.448987609499962e-05 | MFU: 0.025841587419152327 | time 244.26s | Loss: 0.5488301546499136
Iter 240500 | LR: 7.410342693466955e-05 | MFU: 0.025897918169504045 | time 210.46s | Loss: 0.5603022399172186
Iter 241000 | LR: 7.371972555582533e-05 | MFU: 0.025948306262992774 | time 210.48s | Loss: 0.5566402638703583
Iter 241500 | LR: 7.333878240805433e-05 | MFU: 0.02599375560855325 | time 210.47s | Loss: 0.5522736145928506
Iter 242000 | LR: 7.296060786582707e-05 | MFU: 0.026034289133207038 | time 210.50s | Loss: 0.5513756998255852
Iter 242500 | LR: 7.25852122282149e-05 | MFU: 0.026071308740473607 | time 210.46s | Loss: 0.5612097699940202
Epoch 5.0
Iter 243000 | LR: 7.221260571860946e-05 | MFU: 0.02610174112800523 | time 210.69s | Loss: 0.5426549289003015
Iter 243500 | LR: 7.184279848444434e-05 | MFU: 0.026131719902555188 | time 210.48s | Loss: 0.5341121108084921
Iter 244000 | LR: 7.147580059691856e-05 | MFU: 0.02615776060854005 | time 210.56s | Loss: 0.5227965276688336
Iter 244500 | LR: 7.111162205072239e-05 | MFU: 0.026181576217942135 | time 210.53s | Loss: 0.5338304989784958
Iter 245000 | Perplexity: 21.78761100769043
Iter 245000 | LR: 7.075027276376527e-05 | MFU: 0.02583863294254709 | time 244.24s | Loss: 0.5260147566720842
Iter 245500 | LR: 7.039176257690548e-05 | MFU: 0.02589530160623387 | time 210.45s | Loss: 0.5287136841565369
Iter 246000 | LR: 7.003610125368227e-05 | MFU: 0.02594598158572021 | time 210.48s | Loss: 0.5278138549625869
Iter 246500 | LR: 6.968329848005003e-05 | MFU: 0.025991768493049138 | time 210.46s | Loss: 0.5261301804333925
Iter 247000 | LR: 6.933336386411432e-05 | MFU: 0.026032723250353156 | time 210.48s | Loss: 0.5233700681850316
Iter 247500 | LR: 6.89863069358704e-05 | MFU: 0.026069834106828144 | time 210.46s | Loss: 0.5321228257939224
Iter 248000 | LR: 6.864213714694354e-05 | MFU: 0.0261030382925352 | time 210.48s | Loss: 0.5363519198447464
Iter 248500 | LR: 6.83008638703317e-05 | MFU: 0.026133210724940244 | time 210.46s | Loss: 0.5286562299728392
Iter 249000 | LR: 6.796249640015028e-05 | MFU: 0.02615983444226809 | time 210.50s | Loss: 0.5257198296114801
Iter 249500 | LR: 6.762704395137892e-05 | MFU: 0.026183477431337775 | time 210.52s | Loss: 0.5376826890558012
Iter 250000 | Perplexity: 21.84199333190918
Iter 250000 | LR: 6.729451565961067e-05 | MFU: 0.02583921080795578 | time 244.36s | Loss: 0.5181228432059295
Iter 250500 | LR: 6.696492058080308e-05 | MFU: 0.025885345951497375 | time 211.29s | Loss: 0.5347632551193239
Iter 251000 | LR: 6.66382676910316e-05 | MFU: 0.025936013859048982 | time 210.56s | Loss: 0.5273005604371425
Iter 251500 | LR: 6.631456588624521e-05 | MFU: 0.025982118447266885 | time 210.52s | Loss: 0.5287962745875119
Iter 252000 | LR: 6.599382398202403e-05 | MFU: 0.026023465480570527 | time 210.53s | Loss: 0.5328041151911019
Iter 252500 | LR: 6.567605071333937e-05 | MFU: 0.026061507946670212 | time 210.46s | Loss: 0.5282773295789958
Iter 253000 | LR: 6.53612547343157e-05 | MFU: 0.026095547445963034 | time 210.48s | Loss: 0.5342137737199668
Iter 253500 | LR: 6.504944461799502e-05 | MFU: 0.026126643038539635 | time 210.44s | Loss: 0.5324011447653175
Iter 254000 | LR: 6.474062885610348e-05 | MFU: 0.02615359591887333 | time 210.52s | Loss: 0.5341193475574255
Iter 254500 | LR: 6.443481585882002e-05 | MFU: 0.02617863942933349 | time 210.46s | Loss: 0.5301853697001931
Iter 255000 | Perplexity: 21.780319213867188
Iter 255000 | LR: 6.413201395454736e-05 | MFU: 0.025836035243460363 | time 244.24s | Loss: 0.5310940523818131
Iter 255500 | LR: 6.383223138968514e-05 | MFU: 0.025892805762863697 | time 210.46s | Loss: 0.5351718338951468
Iter 256000 | LR: 6.353547632840541e-05 | MFU: 0.02594372931838023 | time 210.48s | Loss: 0.5405690467730164
Iter 256500 | LR: 6.324175685243026e-05 | MFU: 0.025989844439977813 | time 210.46s | Loss: 0.5336686629801989
Iter 257000 | LR: 6.295108096081173e-05 | MFU: 0.026031072151824503 | time 210.48s | Loss: 0.5343692290782924
Iter 257500 | LR: 6.266345656971395e-05 | MFU: 0.026068531137940713 | time 210.45s | Loss: 0.5385228272154923
Iter 258000 | LR: 6.237889151219762e-05 | MFU: 0.026101963056551714 | time 210.47s | Loss: 0.5358161078393456
Iter 258500 | LR: 6.209739353800652e-05 | MFU: 0.026132442203625116 | time 210.44s | Loss: 0.5301251469179994
Iter 259000 | LR: 6.181897031335668e-05 | MFU: 0.026159558318993636 | time 210.47s | Loss: 0.5282004326581956
Iter 259500 | LR: 6.154362942072744e-05 | MFU: 0.026184268019196065 | time 210.44s | Loss: 0.5273490778356786
Iter 260000 | Perplexity: 21.828989028930664
Iter 260000 | LR: 6.127137835865504e-05 | MFU: 0.025841395945666427 | time 244.21s | Loss: 0.5368518406152726
Iter 260500 | LR: 6.1002224541528284e-05 | MFU: 0.025897451953486705 | time 210.48s | Loss: 0.5282920181006195
Iter 261000 | LR: 6.0736175299386846e-05 | MFU: 0.025947943408097255 | time 210.48s | Loss: 0.5284576409310103
Iter 261500 | LR: 6.0473237877721375e-05 | MFU: 0.025993939222953143 | time 210.43s | Loss: 0.5304611530527472
Iter 262000 | LR: 6.0213419437276355e-05 | MFU: 0.026034584874103112 | time 210.49s | Loss: 0.5348197917267677
Iter 262500 | LR: 5.995672705385509e-05 | MFU: 0.02607184449058876 | time 210.44s | Loss: 0.5238952658697964
Iter 263000 | LR: 5.970316771812686e-05 | MFU: 0.02610483059430964 | time 210.48s | Loss: 0.5376550378650427
Iter 263500 | LR: 5.945274833543669e-05 | MFU: 0.026135035373536626 | time 210.44s | Loss: 0.5272204681485892
Iter 264000 | LR: 5.9205475725617265e-05 | MFU: 0.02616181489162328 | time 210.47s | Loss: 0.5381544522941119
Iter 264500 | LR: 5.896135662280309e-05 | MFU: 0.026186375019538945 | time 210.44s | Loss: 0.5293600334227089
Iter 265000 | Perplexity: 21.68151092529297
Iter 265000 | LR: 5.872039767524729e-05 | MFU: 0.02584326879252266 | time 244.21s | Loss: 0.5243220638856294
Iter 265500 | LR: 5.8482605445140346e-05 | MFU: 0.025899731015746705 | time 210.43s | Loss: 0.5345250421389939
Iter 266000 | LR: 5.824798640843151e-05 | MFU: 0.025950143718874493 | time 210.46s | Loss: 0.5405444370582697
Iter 266500 | LR: 5.801654695465243e-05 | MFU: 0.025995564101949642 | time 210.46s | Loss: 0.5326368552073837
Iter 267000 | LR: 5.77882933867431e-05 | MFU: 0.026035796335779793 | time 210.51s | Loss: 0.5245246729627248
Iter 267500 | LR: 5.756323192088024e-05 | MFU: 0.02607295735588634 | time 210.44s | Loss: 0.5299935616552831
Iter 268000 | LR: 5.7341368686307983e-05 | MFU: 0.026106178621167857 | time 210.45s | Loss: 0.5408800121396783
Iter 268500 | LR: 5.712270972517095e-05 | MFU: 0.026136236394276792 | time 210.44s | Loss: 0.5347612225264311
Iter 269000 | LR: 5.69072609923498e-05 | MFU: 0.02616288670312997 | time 210.47s | Loss: 0.5363001601397992
Iter 269500 | LR: 5.669502835529883e-05 | MFU: 0.026187487898197095 | time 210.42s | Loss: 0.535730398893356
Iter 270000 | Perplexity: 21.656314849853516
Iter 270000 | LR: 5.6486017593886466e-05 | MFU: 0.02584457691365482 | time 244.18s | Loss: 0.5368414326757194
Iter 270500 | LR: 5.628023440023763e-05 | MFU: 0.02590097200832465 | time 210.43s | Loss: 0.5303852131590246
Iter 271000 | LR: 5.6077684378578824e-05 | MFU: 0.025951113518088133 | time 210.48s | Loss: 0.5231810212880373
Iter 271500 | LR: 5.587837304508553e-05 | MFU: 0.025996888363175593 | time 210.42s | Loss: 0.5308385318517685
Iter 272000 | LR: 5.568230582773187e-05 | MFU: 0.026037789534798364 | time 210.45s | Loss: 0.5259091127291322
Iter 272500 | LR: 5.548948806614294e-05 | MFU: 0.026074697432687994 | time 210.44s | Loss: 0.5375069947540759
Iter 273000 | LR: 5.5299925011449274e-05 | MFU: 0.02610757661437291 | time 210.47s | Loss: 0.5326501763612032
Iter 273500 | LR: 5.511362182614382e-05 | MFU: 0.026136724333815045 | time 210.50s | Loss: 0.5350032548233867
Iter 274000 | LR: 5.4930583583941525e-05 | MFU: 0.026162774221571698 | time 210.52s | Loss: 0.5330091436952354
Iter 274500 | LR: 5.475081526964089e-05 | MFU: 0.026186640559569648 | time 210.48s | Loss: 0.5269755714014175
Iter 275000 | Perplexity: 21.578428268432617
Iter 275000 | LR: 5.457432177898848e-05 | MFU: 0.025843105197459734 | time 244.25s | Loss: 0.5293959975242618
Iter 275500 | LR: 5.440110791854541e-05 | MFU: 0.025899666431176024 | time 210.42s | Loss: 0.5290890197828417
Iter 276000 | LR: 5.42311784055565e-05 | MFU: 0.025950181075118976 | time 210.46s | Loss: 0.5342355432733895
Iter 276500 | LR: 5.406453786782185e-05 | MFU: 0.025996047994540417 | time 210.42s | Loss: 0.5242670869827272
Iter 277000 | LR: 5.390119084357077e-05 | MFU: 0.026037028943048234 | time 210.45s | Loss: 0.5368433655053375
Iter 277500 | LR: 5.374114178133818e-05 | MFU: 0.026074270628405838 | time 210.42s | Loss: 0.5263945573568343
Iter 278000 | LR: 5.358439503984347e-05 | MFU: 0.02610739091151858 | time 210.45s | Loss: 0.5301201402023434
Iter 278500 | LR: 5.3430954887871805e-05 | MFU: 0.02613747245306169 | time 210.43s | Loss: 0.5295925667881967
Iter 279000 | LR: 5.3280825504157874e-05 | MFU: 0.026164115137191427 | time 210.46s | Loss: 0.5321367328614004
Iter 279500 | LR: 5.313401097727205e-05 | MFU: 0.026188374537714276 | time 210.44s | Loss: 0.5365728638693688
Iter 280000 | Perplexity: 21.498905181884766
Iter 280000 | LR: 5.299051530550912e-05 | MFU: 0.025845075174705575 | time 244.21s | Loss: 0.5373952265828844
Iter 280500 | LR: 5.285034239677927e-05 | MFU: 0.025901346715558958 | time 210.43s | Loss: 0.5383254953846335
Iter 281000 | LR: 5.2713496068501816e-05 | MFU: 0.025951814419121692 | time 210.45s | Loss: 0.5294818043336268
Iter 281500 | LR: 5.257998004750111e-05 | MFU: 0.025997601858101436 | time 210.42s | Loss: 0.5388281285017725
Iter 282000 | LR: 5.244979796990512e-05 | MFU: 0.02603828397110952 | time 210.46s | Loss: 0.5306121889129279
Iter 282500 | LR: 5.232295338104638e-05 | MFU: 0.026075400997508533 | time 210.42s | Loss: 0.5332680622115731
Iter 283000 | LR: 5.219944973536542e-05 | MFU: 0.02610849737445983 | time 210.44s | Loss: 0.5313660540059204
Iter 283500 | LR: 5.207929039631674e-05 | MFU: 0.026138507352905696 | time 210.43s | Loss: 0.5371995469182728
Iter 284000 | LR: 5.196247863627716e-05 | MFU: 0.026165270854444422 | time 210.45s | Loss: 0.5375188272446391
Iter 284500 | LR: 5.1849017636456705e-05 | MFU: 0.026189726711354288 | time 210.42s | Loss: 0.5302781758084897
Iter 285000 | Perplexity: 21.462318420410156
Iter 285000 | LR: 5.1738910486812035e-05 | MFU: 0.025846430215772157 | time 244.19s | Loss: 0.5300968051701783
Iter 285500 | LR: 5.1632160185962174e-05 | MFU: 0.0259029304879083 | time 210.40s | Loss: 0.5321885351091623
Iter 286000 | LR: 5.152876964110699e-05 | MFU: 0.025953317020476263 | time 210.44s | Loss: 0.5335085315629844
Iter 286500 | LR: 5.142874166794789e-05 | MFU: 0.025999168923003017 | time 210.40s | Loss: 0.5377921205759053
Iter 287000 | LR: 5.133207899061122e-05 | MFU: 0.026039760236894034 | time 210.45s | Loss: 0.5274523606151341
Iter 287500 | LR: 5.123878424157407e-05 | MFU: 0.026076664599195467 | time 210.42s | Loss: 0.5351281792297956
Iter 288000 | LR: 5.1148859961592516e-05 | MFU: 0.026109700811284324 | time 210.44s | Loss: 0.5304501249268646
Iter 288500 | LR: 5.1062308599632536e-05 | MFU: 0.02613985241291796 | time 210.40s | Loss: 0.5285589404031638
Iter 289000 | LR: 5.0979132512803215e-05 | MFU: 0.02616660430384427 | time 210.44s | Loss: 0.534175740741193
Iter 289500 | LR: 5.089933396629258e-05 | MFU: 0.02619097747003983 | time 210.41s | Loss: 0.5373211916163566
Iter 290000 | Perplexity: 21.401954650878906
Iter 290000 | LR: 5.082291513330596e-05 | MFU: 0.025847872404636426 | time 244.16s | Loss: 0.5408582218363883
Iter 290500 | LR: 5.0749878095006766e-05 | MFU: 0.025904184551004836 | time 210.41s | Loss: 0.5343076241388913
Iter 291000 | LR: 5.0680224840459764e-05 | MFU: 0.025954311039712605 | time 210.45s | Loss: 0.5362880198284979
Epoch 6.0
Iter 291500 | LR: 5.061395726657701e-05 | MFU: 0.025997322122653765 | time 210.62s | Loss: 0.5219453460350634
Iter 292000 | LR: 5.05510771780661e-05 | MFU: 0.026038143101679373 | time 210.45s | Loss: 0.5169428941234943
Iter 292500 | LR: 5.049158628738105e-05 | MFU: 0.026075050210384674 | time 210.44s | Loss: 0.5170844090357422
Iter 293000 | LR: 5.043548621467569e-05 | MFU: 0.026108058777036428 | time 210.45s | Loss: 0.5086671432480215
Iter 293500 | LR: 5.038277848775951e-05 | MFU: 0.02613834650125551 | time 210.41s | Loss: 0.5181733647733927
Iter 294000 | LR: 5.033346454205605e-05 | MFU: 0.026164388689666335 | time 210.50s | Loss: 0.5066328438371414
Iter 294500 | LR: 5.028754572056379e-05 | MFU: 0.026188347473202707 | time 210.46s | Loss: 0.49980639252811665
Iter 295000 | Perplexity: 21.9882755279541
Iter 295000 | LR: 5.0245023273819664e-05 | MFU: 0.02584476020060812 | time 244.24s | Loss: 0.5089441763237122
Iter 295500 | LR: 5.020589835986487e-05 | MFU: 0.025901123657530094 | time 210.43s | Loss: 0.5097816929221153
Iter 296000 | LR: 5.017017204421348e-05 | MFU: 0.025951599917616152 | time 210.45s | Loss: 0.5119077514111996
Iter 296500 | LR: 5.0137845299823266e-05 | MFU: 0.025997107007675383 | time 210.44s | Loss: 0.5131538910046222
Iter 297000 | LR: 5.010891900706933e-05 | MFU: 0.026037659440331522 | time 210.47s | Loss: 0.5110460677370429
Iter 297500 | LR: 5.008339395372008e-05 | MFU: 0.02607488977608364 | time 210.41s | Loss: 0.5051366911828519
Iter 298000 | LR: 5.006127083491577e-05 | MFU: 0.0261080327308415 | time 210.44s | Loss: 0.5124158775061369
Iter 298500 | LR: 5.004255025314955e-05 | MFU: 0.02613824790903793 | time 210.41s | Loss: 0.5056526900455355
Iter 299000 | LR: 5.0027232718251103e-05 | MFU: 0.026165144103187675 | time 210.44s | Loss: 0.5142494661733507
Iter 299500 | LR: 5.001531864737277e-05 | MFU: 0.02618973803992612 | time 210.41s | Loss: 0.5159419377893215
Iter 300000 | Perplexity: 22.008420944213867
Iter 300000 | LR: 5.0006808364978114e-05 | MFU: 0.02584679391131716 | time 244.16s | Loss: 0.5108510865643618
Iter 300500 | LR: 5.000170210283314e-05 | MFU: 0.025892712875853235 | time 211.25s | Loss: 0.5068452338129283
Iter 301000 | LR: 5e-05 | MFU: 0.025943977294478036 | time 210.45s | Loss: 0.5131675877794624
